app/build/intermediates/manifest_merge_blame_file/debug/processDebugMainManifest/manifest-merger-blame-debug-report.txt
1<?xml version="1.0" encoding="utf-8"?>
2<manifest xmlns:android="http://schemas.android.com/apk/res/android"
3    package="com.example.work"
4    android:versionCode="1"
5    android:versionName="1.0" >
6
7    <uses-sdk
8        android:minSdkVersion="27"
9        android:targetSdkVersion="34" />
10
11    <permission
11-->[androidx.core:core:1.9.0] AndroidManifest.xml:22:5-24:47
12        android:name="com.example.work.DYNAMIC_RECEIVER_NOT_EXPORTED_PERMISSION"
12-->[androidx.core:core:1.9.0] AndroidManifest.xml:23:9-81
13        android:protectionLevel="signature" />
13-->[androidx.core:core:1.9.0] AndroidManifest.xml:24:9-44
14
15    <uses-permission android:name="com.example.work.DYNAMIC_RECEIVER_NOT_EXPORTED_PERMISSION" />
15-->[androidx.core:core:1.9.0] AndroidManifest.xml:26:5-97
15-->[androidx.core:core:1.9.0] AndroidManifest.xml:26:22-94
16
17    <application
17-->src\main\AndroidManifest.xml:5:5-63:19
18        android:allowBackup="true"
18-->src\main\AndroidManifest.xml:6:9-35
19        android:appComponentFactory="androidx.core.app.CoreComponentFactory"
19-->[androidx.core:core:1.9.0] AndroidManifest.xml:28:18-86
20        android:dataExtractionRules="@xml/data_extraction_rules"
20-->src\main\AndroidManifest.xml:7:9-65
21        android:debuggable="true"
22        android:extractNativeLibs="false"
23        android:fullBackupContent="@xml/backup_rules"
23-->src\main\AndroidManifest.xml:8:9-54
24        android:icon="@mipmap/ic_launcher"
24-->src\main\AndroidManifest.xml:9:9-43
25        android:label="@string/app_name"
25-->src\main\AndroidManifest.xml:10:9-41
26        android:roundIcon="@mipmap/ic_launcher_round"
26-->src\main\AndroidManifest.xml:11:9-54
27        android:supportsRtl="true"
27-->src\main\AndroidManifest.xml:12:9-35
28        android:testOnly="true"
29        android:theme="@style/Theme.Work" >
29-->src\main\AndroidManifest.xml:13:9-42
30        <receiver
30-->src\main\AndroidManifest.xml:15:9-23:20
31            android:name="com.example.work.StaticReceiver"
31-->src\main\AndroidManifest.xml:16:13-43
32            android:enabled="true"
32-->src\main\AndroidManifest.xml:17:13-35
33            android:exported="true" >
33-->src\main\AndroidManifest.xml:18:13-36
34            <intent-filter>
34-->src\main\AndroidManifest.xml:19:13-22:29
35                <action android:name="com.example.work.Static_Action" />
35-->src\main\AndroidManifest.xml:20:17-73
35-->src\main\AndroidManifest.xml:20:25-70
36
37                <data android:mimeType="text/plain" />
37-->src\main\AndroidManifest.xml:21:17-55
37-->src\main\AndroidManifest.xml:21:23-52
38            </intent-filter>
39        </receiver>
40
41        <activity
41-->src\main\AndroidManifest.xml:25:9-27:40
42            android:name="com.example.work.ServiceActivity"
42-->src\main\AndroidManifest.xml:26:13-44
43            android:exported="false" />
43-->src\main\AndroidManifest.xml:27:13-37
44
45        <service
45-->src\main\AndroidManifest.xml:29:9-32:39
46            android:name="com.example.work.bindService"
46-->src\main\AndroidManifest.xml:30:13-40
47            android:enabled="true"
47-->src\main\AndroidManifest.xml:31:13-35
48            android:exported="true" />
48-->src\main\AndroidManifest.xml:32:13-36
49        <service
49-->src\main\AndroidManifest.xml:33:9-36:39
50            android:name="com.example.work.startService"
50-->src\main\AndroidManifest.xml:34:13-41
51            android:enabled="true"
51-->src\main\AndroidManifest.xml:35:13-35
52            android:exported="true" />
52-->src\main\AndroidManifest.xml:36:13-36
53
54        <activity
54-->src\main\AndroidManifest.xml:38:9-41:51
55            android:name="com.example.work.SingleInstanceActivity"
55-->src\main\AndroidManifest.xml:39:13-51
56            android:exported="false"
56-->src\main\AndroidManifest.xml:40:13-37
57            android:launchMode="singleInstance" />
57-->src\main\AndroidManifest.xml:41:13-48
58        <activity
58-->src\main\AndroidManifest.xml:42:9-45:47
59            android:name="com.example.work.SingleTaskActivity"
59-->src\main\AndroidManifest.xml:43:13-47
60            android:exported="false"
60-->src\main\AndroidManifest.xml:44:13-37
61            android:launchMode="singleTask" />
61-->src\main\AndroidManifest.xml:45:13-44
62        <activity
62-->src\main\AndroidManifest.xml:46:9-49:46
63            android:name="com.example.work.SingleTopActivity"
63-->src\main\AndroidManifest.xml:47:13-46
64            android:exported="false"
64-->src\main\AndroidManifest.xml:48:13-37
65            android:launchMode="singleTop" />
65-->src\main\AndroidManifest.xml:49:13-43
66        <activity
66-->src\main\AndroidManifest.xml:50:9-53:45
67            android:name="com.example.work.StandardActivity"
67-->src\main\AndroidManifest.xml:51:13-45
68            android:exported="false"
68-->src\main\AndroidManifest.xml:52:13-37
69            android:launchMode="standard" />
69-->src\main\AndroidManifest.xml:53:13-42
70        <activity
70-->src\main\AndroidManifest.xml:54:9-62:20
71            android:name="com.example.work.MainActivity"
71-->src\main\AndroidManifest.xml:55:13-41
72            android:exported="true" >
72-->src\main\AndroidManifest.xml:56:13-36
73            <intent-filter>
73-->src\main\AndroidManifest.xml:57:13-61:29
74                <action android:name="android.intent.action.MAIN" />
74-->src\main\AndroidManifest.xml:58:17-69
74-->src\main\AndroidManifest.xml:58:25-66
75
76                <category android:name="android.intent.category.LAUNCHER" />
76-->src\main\AndroidManifest.xml:60:17-77
76-->src\main\AndroidManifest.xml:60:27-74
77            </intent-filter>
78        </activity>
79
80        <provider
80-->[androidx.emoji2:emoji2:1.2.0] AndroidManifest.xml:24:9-32:20
81            android:name="androidx.startup.InitializationProvider"
81-->[androidx.emoji2:emoji2:1.2.0] AndroidManifest.xml:25:13-67
82            android:authorities="com.example.work.androidx-startup"
82-->[androidx.emoji2:emoji2:1.2.0] AndroidManifest.xml:26:13-68
83            android:exported="false" >
83-->[androidx.emoji2:emoji2:1.2.0] AndroidManifest.xml:27:13-37
84            <meta-data
84-->[androidx.emoji2:emoji2:1.2.0] AndroidManifest.xml:29:13-31:52
85                android:name="androidx.emoji2.text.EmojiCompatInitializer"
85-->[androidx.emoji2:emoji2:1.2.0] AndroidManifest.xml:30:17-75
86                android:value="androidx.startup" />
86-->[androidx.emoji2:emoji2:1.2.0] AndroidManifest.xml:31:17-49
87            <meta-data
87-->[androidx.lifecycle:lifecycle-process:2.6.1] AndroidManifest.xml:29:13-31:52
88                android:name="androidx.lifecycle.ProcessLifecycleInitializer"
88-->[androidx.lifecycle:lifecycle-process:2.6.1] AndroidManifest.xml:30:17-78
89                android:value="androidx.startup" />
89-->[androidx.lifecycle:lifecycle-process:2.6.1] AndroidManifest.xml:31:17-49
90            <meta-data
90-->[androidx.profileinstaller:profileinstaller:1.3.0] AndroidManifest.xml:29:13-31:52
91                android:name="androidx.profileinstaller.ProfileInstallerInitializer"
91-->[androidx.profileinstaller:profileinstaller:1.3.0] AndroidManifest.xml:30:17-85
92                android:value="androidx.startup" />
92-->[androidx.profileinstaller:profileinstaller:1.3.0] AndroidManifest.xml:31:17-49
93        </provider>
94
95        <receiver
95-->[androidx.profileinstaller:profileinstaller:1.3.0] AndroidManifest.xml:34:9-52:20
96            android:name="androidx.profileinstaller.ProfileInstallReceiver"
96-->[androidx.profileinstaller:profileinstaller:1.3.0] AndroidManifest.xml:35:13-76
97            android:directBootAware="false"
97-->[androidx.profileinstaller:profileinstaller:1.3.0] AndroidManifest.xml:36:13-44
98            android:enabled="true"
98-->[androidx.profileinstaller:profileinstaller:1.3.0] AndroidManifest.xml:37:13-35
99            android:exported="true"
99-->[androidx.profileinstaller:profileinstaller:1.3.0] AndroidManifest.xml:38:13-36
100            android:permission="android.permission.DUMP" >
100-->[androidx.profileinstaller:profileinstaller:1.3.0] AndroidManifest.xml:39:13-57
101            <intent-filter>
101-->[androidx.profileinstaller:profileinstaller:1.3.0] AndroidManifest.xml:40:13-42:29
102                <action android:name="androidx.profileinstaller.action.INSTALL_PROFILE" />
102-->[androidx.profileinstaller:profileinstaller:1.3.0] AndroidManifest.xml:41:17-91
102-->[androidx.profileinstaller:profileinstaller:1.3.0] AndroidManifest.xml:41:25-88
103            </intent-filter>
104            <intent-filter>
104-->[androidx.profileinstaller:profileinstaller:1.3.0] AndroidManifest.xml:43:13-45:29
105                <action android:name="androidx.profileinstaller.action.SKIP_FILE" />
105-->[androidx.profileinstaller:profileinstaller:1.3.0] AndroidManifest.xml:44:17-85
105-->[androidx.profileinstaller:profileinstaller:1.3.0] AndroidManifest.xml:44:25-82
106            </intent-filter>
107            <intent-filter>
107-->[androidx.profileinstaller:profileinstaller:1.3.0] AndroidManifest.xml:46:13-48:29
108                <action android:name="androidx.profileinstaller.action.SAVE_PROFILE" />
108-->[androidx.profileinstaller:profileinstaller:1.3.0] AndroidManifest.xml:47:17-88
108-->[androidx.profileinstaller:profileinstaller:1.3.0] AndroidManifest.xml:47:25-85
109            </intent-filter>
110            <intent-filter>
110-->[androidx.profileinstaller:profileinstaller:1.3.0] AndroidManifest.xml:49:13-51:29
111                <action android:name="androidx.profileinstaller.action.BENCHMARK_OPERATION" />
111-->[androidx.profileinstaller:profileinstaller:1.3.0] AndroidManifest.xml:50:17-95
111-->[androidx.profileinstaller:profileinstaller:1.3.0] AndroidManifest.xml:50:25-92
112            </intent-filter>
113        </receiver>
114    </application>
115
116</manifest>